common/database/postgres_models.py:33: error: Unexpected keyword argument "update" for "copy" of "TypedDict"  [call-arg]
/Users/toluwalopelawal1/Library/Caches/pypoetry/virtualenvs/minute-KBmVkeAQ-py3.12/lib/python3.12/site-packages/mypy/typeshed/stdlib/typing.pyi: note: "copy" of "TypedDict" defined here
common/prompts.py:123: error: Function is missing a return type annotation  [no-untyped-def]

common/services/queue_services/base.py:9: error: Function is missing a type annotation for one or more arguments  [no-untyped-def]
common/services/queue_services/base.py:13: error: Function is missing a return type annotation  [no-untyped-def]
common/services/queue_services/base.py:15: error: Function is missing a return type annotation  [no-untyped-def]
common/services/queue_services/base.py:17: error: Function is missing a return type annotation  [no-untyped-def]
common/services/queue_services/base.py:19: error: Function is missing a return type annotation  [no-untyped-def]
common/services/queue_services/base.py:21: error: Function is missing a return type annotation  [no-untyped-def]
common/services/queue_services/base.py:21: note: Use "-> None" if function does not return a value

common/logger.py:8: error: Function is missing a return type annotation  [no-untyped-def]
common/logger.py:8: note: Use "-> None" if function does not return a value
common/settings.py:179: error: Function is missing a return type annotation  [no-untyped-def]
common/services/storage_services/s3.py:6: error: Library stubs not installed for "aiofiles"  [import-untyped]
common/services/storage_services/s3.py:17: error: Function is missing a return type annotation  [no-untyped-def]
common/services/storage_services/s3.py:44: error: Returning Any from function declared to return "str"  [no-any-return]
common/services/storage_services/s3.py:57: error: Returning Any from function declared to return "str"  [no-any-return]
common/services/storage_services/azure_blob.py:6: error: Library stubs not installed for "aiofiles"  [import-untyped]
common/services/storage_services/azure_blob.py:6: note: Hint: "python3 -m pip install types-aiofiles"
common/services/storage_services/azure_blob.py:6: note: (or run "mypy --install-types" to install all missing stub packages)
common/services/storage_services/azure_blob.py:6: note: See https://mypy.readthedocs.io/en/stable/running_mypy.html#missing-imports
common/services/storage_services/azure_blob.py:18: error: Function is missing a return type annotation  [no-untyped-def]
common/services/storage_services/azure_blob.py:43: error: Function is missing a return type annotation  [no-untyped-def]
common/services/storage_services/azure_blob.py:52: error: Argument "permission" to "generate_blob_sas" has incompatible type "ContainerSasPermissions"; expected "BlobSasPermissions | str | None"  [arg-type]
common/services/storage_services/azure_blob.py:67: error: Argument "permission" to "generate_blob_sas" has incompatible type "ContainerSasPermissions"; expected "BlobSasPermissions | str | None"  [arg-type]
common/services/storage_services/azure_blob.py:77: error: Returning Any from function declared to return "bool"  [no-any-return]
common/services/queue_services/sqs.py:14: error: Function is missing a return type annotation  [no-untyped-def]
common/services/queue_services/sqs.py:43: error: Function is missing a return type annotation  [no-untyped-def]
common/services/queue_services/sqs.py:68: error: Function is missing a return type annotation  [no-untyped-def]
common/services/queue_services/sqs.py:71: error: Function is missing a return type annotation  [no-untyped-def]
common/services/queue_services/sqs.py:77: error: Function is missing a return type annotation  [no-untyped-def]
common/services/queue_services/sqs.py:84: error: Function is missing a return type annotation  [no-untyped-def]
common/services/queue_services/sqs.py:92: error: Function is missing a return type annotation  [no-untyped-def]
common/services/queue_services/sqs.py:92: note: Use "-> None" if function does not return a value
common/services/queue_services/azure_service_bus.py:16: error: Function is missing a return type annotation  [no-untyped-def]
common/services/queue_services/azure_service_bus.py:33: error: Function is missing a return type annotation  [no-untyped-def]
common/services/queue_services/azure_service_bus.py:54: error: Function is missing a return type annotation  [no-untyped-def]
common/services/queue_services/azure_service_bus.py:58: error: Function is missing a return type annotation  [no-untyped-def]
common/services/queue_services/azure_service_bus.py:65: error: Function is missing a return type annotation  [no-untyped-def]
common/services/queue_services/azure_service_bus.py:72: error: Function is missing a return type annotation  [no-untyped-def]
common/services/queue_services/azure_service_bus.py:79: error: Function is missing a return type annotation  [no-untyped-def]
common/services/queue_services/azure_service_bus.py:79: note: Use "-> None" if function does not return a value
common/services/storage_services/local/mock_storage_service.py:16: error: Function is missing a return type annotation  [no-untyped-def]
common/services/storage_services/__init__.py:18: error: Incompatible return value type (got "type[StorageService]", expected "StorageService")  [return-value]
common/services/storage_services/__init__.py:18: note: Only class variables allowed for class object access on protocols, name is an instance variable of "StorageService"
backend/cleanup_job.py:31: error: "type[BaseTableMixin]" has no attribute "created_datetime"  [attr-defined]
backend/cleanup_job.py:31: error: "type[BaseTableMixin]" has no attribute "status"  [attr-defined]
backend/cleanup_job.py:49: error: Argument 2 to "join" of "Select" has incompatible type "bool"; expected "ColumnElement[Any] | _HasClauseElement[Any] | SQLCoreOperations[Any] | ExpressionElementRole[Any] | TypedColumnsClauseRole[Any] | Callable[[], ColumnElement[Any]] | LambdaElement | OnClauseRole | None"  [arg-type]
backend/api/routes/chat.py:94: error: Item "None" of "Chat | None" has no attribute "id"  [union-attr]
backend/api/routes/chat.py:95: error: Item "None" of "Chat | None" has no attribute "created_datetime"  [union-attr]
backend/api/routes/chat.py:96: error: Item "None" of "Chat | None" has no attribute "updated_datetime"  [union-attr]
backend/api/routes/chat.py:97: error: Item "None" of "Chat | None" has no attribute "user_content"  [union-attr]
backend/api/routes/chat.py:98: error: Item "None" of "Chat | None" has no attribute "assistant_content"  [union-attr]
backend/api/routes/chat.py:99: error: Item "None" of "Chat | None" has no attribute "status"  [union-attr]
backend/api/routes/chat.py:122: error: Argument 1 to "where" of "DMLWhereBase" has incompatible type "bool"; expected "ColumnElement[bool] | _HasClauseElement[bool] | SQLCoreOperations[bool] | ExpressionElementRole[bool] | TypedColumnsClauseRole[bool] | Callable[[], ColumnElement[bool]] | LambdaElement"  [arg-type]
backend/api/routes/templates.py:68: error: Argument 1 to "selectinload" has incompatible type "list[TemplateQuestion]"; expected "Literal['*'] | QueryableAttribute[Any]"  [arg-type]
backend/api/routes/templates.py:104: error: Unused "type: ignore" comment  [unused-ignore]
backend/api/routes/templates.py:179: error: Argument 1 to "selectinload" has incompatible type "list[TemplateQuestion]"; expected "Literal['*'] | QueryableAttribute[Any]"  [arg-type]
backend/api/routes/templates.py:197: error: Unused "type: ignore" comment  [unused-ignore]
backend/main.py:19: error: Function is missing a return type annotation  [no-untyped-def]
backend/main.py:38: error: Dict entry 3 has incompatible type "str": "str"; expected "str": "float"  [dict-item]
backend/main.py:40: error: Argument 3 to "init" has incompatible type "**dict[str, float]"; expected "int"  [arg-type]
backend/main.py:40: error: Argument 3 to "init" has incompatible type "**dict[str, float]"; expected "str | None"  [arg-type]
backend/main.py:40: error: Argument 3 to "init" has incompatible type "**dict[str, float]"; expected "Sequence[Integration]"  [arg-type]
backend/main.py:40: error: Argument 3 to "init" has incompatible type "**dict[str, float]"; expected "list[str]"  [arg-type]
backend/main.py:40: error: Argument 3 to "init" has incompatible type "**dict[str, float]"; expected "bool"  [arg-type]
backend/main.py:40: error: Argument 3 to "init" has incompatible type "**dict[str, float]"; expected "Transport | type[Transport] | Callable[[Event], None] | None"  [arg-type]
backend/main.py:40: error: Argument 3 to "init" has incompatible type "**dict[str, float]"; expected "bool | None"  [arg-type]
backend/main.py:40: error: Argument 3 to "init" has incompatible type "**dict[str, float]"; expected "Sequence[type | str]"  [arg-type]
backend/main.py:40: error: Argument 3 to "init" has incompatible type "**dict[str, float]"; expected "str"  [arg-type]
backend/main.py:40: error: Argument 3 to "init" has incompatible type "**dict[str, float]"; expected "list[tuple[int, int, int | bytes]] | None"  [arg-type]
backend/main.py:40: error: Argument 3 to "init" has incompatible type "**dict[str, float]"; expected "Callable[[Event, dict[str, Any]], Event | None] | None"  [arg-type]
backend/main.py:40: error: Argument 3 to "init" has incompatible type "**dict[str, float]"; expected "Callable[[dict[str, Any], dict[str, Any]], dict[str, Any] | None] | None"  [arg-type]
backend/main.py:40: error: Argument 3 to "init" has incompatible type "**dict[str, float]"; expected "Callable[[dict[str, Any]], float | int | bool] | None"  [arg-type]
backend/main.py:40: error: Argument 3 to "init" has incompatible type "**dict[str, float]"; expected "Literal['thread', 'gevent', 'unknown'] | Literal['sleep'] | None"  [arg-type]
backend/main.py:40: error: Argument 3 to "init" has incompatible type "**dict[str, float]"; expected "Literal['manual', 'trace']"  [arg-type]
backend/main.py:40: error: Argument 3 to "init" has incompatible type "**dict[str, float]"; expected "Sequence[Integration] | None"  [arg-type]
backend/main.py:40: error: Argument 3 to "init" has incompatible type "**dict[str, float]"; expected "Experiments"  [arg-type]
backend/main.py:40: error: Argument 3 to "init" has incompatible type "**dict[str, float]"; expected "dict[str, str] | None"  [arg-type]
backend/main.py:40: error: Argument 3 to "init" has incompatible type "**dict[str, float]"; expected "Sequence[str] | None"  [arg-type]
backend/main.py:40: error: Argument 3 to "init" has incompatible type "**dict[str, float]"; expected "Sequence[dict[str, str]]"  [arg-type]
backend/main.py:40: error: Argument 3 to "init" has incompatible type "**dict[str, float]"; expected "EventScrubber | None"  [arg-type]
backend/main.py:40: error: Argument 3 to "init" has incompatible type "**dict[str, float]"; expected "Callable[[Event, dict[str, Any]], float | bool] | None"  [arg-type]
backend/main.py:40: error: Argument 3 to "init" has incompatible type "**dict[str, float]"; expected "bool | str | None"  [arg-type]
backend/main.py:40: error: Argument 3 to "init" has incompatible type "**dict[str, float]"; expected "Callable[..., str | None] | None"  [arg-type]
backend/main.py:40: error: Argument 3 to "init" has incompatible type "**dict[str, float]"; expected "int | None"  [arg-type]
backend/main.py:40: error: Argument 3 to "init" has incompatible type "**dict[str, float]"; expected "Callable[[Log, dict[str, Any]], Log | None] | None"  [arg-type]
backend/main.py:40: error: Argument 3 to "init" has incompatible type "**dict[str, float]"; expected "AbstractSet[int]"  [arg-type]
backend/main.py:40: error: Argument 3 to "init" has incompatible type "**dict[str, float]"; expected "Callable[[Metric, dict[str, Any]], Metric | None] | None"  [arg-type]
Found 80 errors in 15 files (checked 16 source files)
