common/database/postgres_models.py:33: error: Unexpected keyword argument "update" for "copy" of "TypedDict"  [call-arg]
/Users/toluwalopelawal1/Library/Caches/pypoetry/virtualenvs/minute-KBmVkeAQ-py3.12/lib/python3.12/site-packages/mypy/typeshed/stdlib/typing.pyi: note: "copy" of "TypedDict" defined here

//type inconsistency from created method and that of openai, structural change
common/llm/adapters/gemini.py:25: error: Function is missing a type annotation for one or more arguments  [no-untyped-def]
common/llm/adapters/gemini.py:67: error: Argument 1 to "append" of "list" has incompatible type "ModelContent"; expected "UserContent"  [arg-type]
common/llm/adapters/gemini.py:73: error: Incompatible return value type (got "tuple[list[UserContent], Content]", expected "tuple[list[Content], Content]")  [return-value]
common/llm/adapters/gemini.py:78: error: Argument "contents" to "generate_content" of "AsyncModels" has incompatible type "list[Content]"; expected "Content | str | Image | File | Part | list[str | Image | File | Part] | list[Content | str | Image | File | Part | list[str | Image | File | Part]] | Content | ContentDict | str | Image | File | FileDict | Part | PartDict | list[str | Image | File | FileDict | Part | PartDict] | list[Content | ContentDict | str | Image | File | FileDict | Part | PartDict | list[str | Image | File | FileDict | Part | PartDict]]"  [arg-type]
common/llm/adapters/gemini.py:88: error: Incompatible return value type (got "BaseModel | dict[Any, Any] | Enum | None", expected "T")  [return-value]
common/llm/adapters/gemini.py:93: error: Argument "contents" to "generate_content" of "AsyncModels" has incompatible type "list[Content]"; expected "Content | str | Image | File | Part | list[str | Image | File | Part] | list[Content | str | Image | File | Part | list[str | Image | File | Part]] | Content | ContentDict | str | Image | File | FileDict | Part | PartDict | list[str | Image | File | FileDict | Part | PartDict] | list[Content | ContentDict | str | Image | File | FileDict | Part | PartDict | list[str | Image | File | FileDict | Part | PartDict]]"  [arg-type]
common/llm/adapters/gemini.py:97: error: Incompatible return value type (got "str | None", expected "str")  [return-value]


//similar to above, inconsistent types
common/llm/adapters/azure_openai.py:18: error: Function is missing a type annotation for one or more arguments  [no-untyped-def]
common/llm/adapters/azure_openai.py:38: error: Argument "messages" to "parse" of "AsyncCompletions" has incompatible type "list[dict[str, str]]"; expected "Iterable[ChatCompletionDeveloperMessageParam | ChatCompletionSystemMessageParam | ChatCompletionUserMessageParam | ChatCompletionAssistantMessageParam | ChatCompletionToolMessageParam | ChatCompletionFunctionMessageParam]"  [arg-type]
common/llm/adapters/azure_openai.py:40: error: "OpenAIModelAdapter" has no attribute "handle_response"  [attr-defined]
common/llm/adapters/azure_openai.py:42: error: Returning Any from function declared to return "T"  [no-any-return]
common/llm/adapters/azure_openai.py:47: error: Argument "messages" to "create" of "AsyncCompletions" has incompatible type "list[dict[str, str]]"; expected "Iterable[ChatCompletionDeveloperMessageParam | ChatCompletionSystemMessageParam | ChatCompletionUserMessageParam | ChatCompletionAssistantMessageParam | ChatCompletionToolMessageParam | ChatCompletionFunctionMessageParam]"  [arg-type]
common/llm/adapters/azure_openai.py:53: error: Incompatible return value type (got "str | None", expected "str")  [return-value]

//where does handle_response deined? (line 40)
//from openai.types.chat import  ChatCompletionMessageParam looks to be the relevant arg instead of list[dict[str, str]) for structured_chat, chat and within base.py


//structural, unaccounted mixin attribute
backend/cleanup_job.py:31: error: "type[BaseTableMixin]" has no attribute "created_datetime"  [attr-defined]
backend/cleanup_job.py:31: error: "type[BaseTableMixin]" has no attribute "status"  [attr-defined]
 
 //class & boolean join?
backend/cleanup_job.py:49: error: Argument 2 to "join" of "Select" has incompatible type "bool"; expected "ColumnElement[Any] | _HasClauseElement[Any] | SQLCoreOperations[Any] | ExpressionElementRole[Any] | TypedColumnsClauseRole[Any] | Callable[[], ColumnElement[Any]] | LambdaElement | OnClauseRole | None"  [arg-type]

//added 30 day guard to match default
backend/cleanup_job.py:52: error: Unsupported operand types for * ("None" and "timedelta")  [operator]
backend/cleanup_job.py:52: note: Left operand is of type "int | None"


//mismatched returned type
common/llm/client.py:44: error: Value of type variable "T" of "structured_chat" of "ChatBot" cannot be "list[LLMHallucination]"  [type-var]

//chat method which returns any hasn't been implemented
common/llm/client.py:54: error: Returning Any from function declared to return "str"  [no-any-return]


//unrecognised attribute
backend/api/routes/chat.py:94: error: Item "None" of "Chat | None" has no attribute "id"  [union-attr]
backend/api/routes/chat.py:95: error: Item "None" of "Chat | None" has no attribute "created_datetime"  [union-attr]
backend/api/routes/chat.py:96: error: Item "None" of "Chat | None" has no attribute "updated_datetime"  [union-attr]
backend/api/routes/chat.py:97: error: Item "None" of "Chat | None" has no attribute "user_content"  [union-attr]
backend/api/routes/chat.py:98: error: Item "None" of "Chat | None" has no attribute "assistant_content"  [union-attr]
backend/api/routes/chat.py:99: error: Item "None" of "Chat | None" has no attribute "status"  [union-attr]



backend/api/routes/chat.py:122: error: Argument 1 to "where" of "DMLWhereBase" has incompatible type "bool"; expected "ColumnElement[bool] | _HasClauseElement[bool] | SQLCoreOperations[bool] | ExpressionElementRole[bool] | TypedColumnsClauseRole[bool] | Callable[[], ColumnElement[bool]] | LambdaElement"  [arg-type]

backend/api/routes/templates.py:68: error: Argument 1 to "selectinload" has incompatible type "list[TemplateQuestion]"; expected "Literal['*'] | QueryableAttribute[Any]"  [arg-type]
backend/api/routes/templates.py:104: error: Unused "type: ignore" comment  [unused-ignore]
backend/api/routes/templates.py:179: error: Argument 1 to "selectinload" has incompatible type "list[TemplateQuestion]"; expected "Literal['*'] | QueryableAttribute[Any]"  [arg-type]
backend/api/routes/templates.py:197: error: Unused "type: ignore" comment  [unused-ignore]
backend/main.py:19: error: Function is missing a return type annotation  [no-untyped-def]




/iignore
backend/main.py:38: error: Dict entry 3 has incompatible type "str": "str"; expected "str": "float"  [dict-item]
backend/main.py:40: error: Argument 3 to "init" has incompatible type "**dict[str, float]"; expected "int"  [arg-type]
backend/main.py:40: error: Argument 3 to "init" has incompatible type "**dict[str, float]"; expected "str | None"  [arg-type]
backend/main.py:40: error: Argument 3 to "init" has incompatible type "**dict[str, float]"; expected "Sequence[Integration]"  [arg-type]
backend/main.py:40: error: Argument 3 to "init" has incompatible type "**dict[str, float]"; expected "list[str]"  [arg-type]
backend/main.py:40: error: Argument 3 to "init" has incompatible type "**dict[str, float]"; expected "bool"  [arg-type]
backend/main.py:40: error: Argument 3 to "init" has incompatible type "**dict[str, float]"; expected "Transport | type[Transport] | Callable[[Event], None] | None"  [arg-type]
backend/main.py:40: error: Argument 3 to "init" has incompatible type "**dict[str, float]"; expected "bool | None"  [arg-type]
backend/main.py:40: error: Argument 3 to "init" has incompatible type "**dict[str, float]"; expected "Sequence[type | str]"  [arg-type]
backend/main.py:40: error: Argument 3 to "init" has incompatible type "**dict[str, float]"; expected "str"  [arg-type]
backend/main.py:40: error: Argument 3 to "init" has incompatible type "**dict[str, float]"; expected "list[tuple[int, int, int | bytes]] | None"  [arg-type]
backend/main.py:40: error: Argument 3 to "init" has incompatible type "**dict[str, float]"; expected "Callable[[Event, dict[str, Any]], Event | None] | None"  [arg-type]
backend/main.py:40: error: Argument 3 to "init" has incompatible type "**dict[str, float]"; expected "Callable[[dict[str, Any], dict[str, Any]], dict[str, Any] | None] | None"  [arg-type]
backend/main.py:40: error: Argument 3 to "init" has incompatible type "**dict[str, float]"; expected "Callable[[dict[str, Any]], float | int | bool] | None"  [arg-type]
backend/main.py:40: error: Argument 3 to "init" has incompatible type "**dict[str, float]"; expected "Literal['thread', 'gevent', 'unknown'] | Literal['sleep'] | None"  [arg-type]
backend/main.py:40: error: Argument 3 to "init" has incompatible type "**dict[str, float]"; expected "Literal['manual', 'trace']"  [arg-type]
backend/main.py:40: error: Argument 3 to "init" has incompatible type "**dict[str, float]"; expected "Sequence[Integration] | None"  [arg-type]
backend/main.py:40: error: Argument 3 to "init" has incompatible type "**dict[str, float]"; expected "Experiments"  [arg-type]
backend/main.py:40: error: Argument 3 to "init" has incompatible type "**dict[str, float]"; expected "dict[str, str] | None"  [arg-type]
backend/main.py:40: error: Argument 3 to "init" has incompatible type "**dict[str, float]"; expected "Sequence[str] | None"  [arg-type]
backend/main.py:40: error: Argument 3 to "init" has incompatible type "**dict[str, float]"; expected "Sequence[dict[str, str]]"  [arg-type]
backend/main.py:40: error: Argument 3 to "init" has incompatible type "**dict[str, float]"; expected "EventScrubber | None"  [arg-type]
backend/main.py:40: error: Argument 3 to "init" has incompatible type "**dict[str, float]"; expected "Callable[[Event, dict[str, Any]], float | bool] | None"  [arg-type]
backend/main.py:40: error: Argument 3 to "init" has incompatible type "**dict[str, float]"; expected "bool | str | None"  [arg-type]
backend/main.py:40: error: Argument 3 to "init" has incompatible type "**dict[str, float]"; expected "Callable[..., str | None] | None"  [arg-type]
backend/main.py:40: error: Argument 3 to "init" has incompatible type "**dict[str, float]"; expected "int | None"  [arg-type]
backend/main.py:40: error: Argument 3 to "init" has incompatible type "**dict[str, float]"; expected "Callable[[Log, dict[str, Any]], Log | None] | None"  [arg-type]
backend/main.py:40: error: Argument 3 to "init" has incompatible type "**dict[str, float]"; expected "AbstractSet[int]"  [arg-type]
backend/main.py:40: error: Argument 3 to "init" has incompatible type "**dict[str, float]"; expected "Callable[[Metric, dict[str, Any]], Metric | None] | None"  [arg-type]
Found 123 errors in 25 files (checked 16 source files)
